2026-05-15 21:40:35,534 [INFO] Activator:176 - 


2026-05-15 21:40:35,540 [INFO] Activator:177 - !SESSION log4j initialized
2026-05-15 21:40:37,415 [INFO] LogOutputStream:77 - [STDOUT_REDIRECT] 
2026-05-15 21:40:39,043 [INFO] ApplicationProperties:184 - Using Application install path: C:\ST\STM32CubeIDE_1.18.1\STM32CubeIDE\plugins\com.st.stm32cube.common.mx_6.14.1.202504091515
2026-05-15 21:40:39,058 [INFO] DbMcusXml:78 - Set database path to: C:\ST\STM32CubeIDE_1.18.1\STM32CubeIDE\plugins\com.st.stm32cube.common.mx_6.14.1.202504091515\\db\/mcu/
2026-05-15 21:40:39,058 [INFO] ApiDb:274 - Set plugin database path to: C:\ST\STM32CubeIDE_1.18.1\STM32CubeIDE\plugins\com.st.stm32cube.common.mx_6.14.1.202504091515\\db\/plugins/boardmanager/
2026-05-15 21:40:39,059 [WARN] ApiDb:259 - Overriding images path with different value:  => C:\ST\STM32CubeIDE_1.18.1\STM32CubeIDE\plugins\com.st.stm32cube.common.mx_6.14.1.202504091515\\db\/plugins/mcufinder/images/
2026-05-15 21:40:39,063 [INFO] ApiDb:250 - Set database path to: C:\Users\34684\.stmcufinder\plugins\mcufinder//mcu/
2026-05-15 21:40:39,064 [INFO] DbMcusAds:125 - Set database path to: C:\Users\34684\.stmcufinder\plugins\mcufinder//mcu/
2026-05-15 21:40:39,065 [INFO] CrossReferenceDbSqlite:203 - Set database path to: C:\Users\34684\.stmcufinder\plugins\mcufinder//mcu/cs/
2026-05-15 21:40:39,152 [INFO] RulesReader:64 - Compatibility file has been processed (302 Rules)
2026-05-15 21:40:39,200 [INFO] DbMcusXml:78 - Set database path to: C:\ST\STM32CubeIDE_1.18.1\STM32CubeIDE\plugins\com.st.stm32cube.common.mx_6.14.1.202504091515\\db\/mcu/
2026-05-15 21:40:39,200 [INFO] ApiDb:274 - Set plugin database path to: C:\ST\STM32CubeIDE_1.18.1\STM32CubeIDE\plugins\com.st.stm32cube.common.mx_6.14.1.202504091515\\db\/plugins/boardmanager/
2026-05-15 21:40:39,200 [INFO] ApiDb:261 - Set plugin images path to: C:\ST\STM32CubeIDE_1.18.1\STM32CubeIDE\plugins\com.st.stm32cube.common.mx_6.14.1.202504091515\\db\/plugins/mcufinder/images/
2026-05-15 21:40:39,200 [WARN] DbFile:41 - Overriding database path with different value: C:\Users\34684\.stmcufinder\plugins\mcufinder/ => C:\Users\34684\.stmcufinder\plugins\mcufinder
2026-05-15 21:40:39,201 [INFO] ApiDb:250 - Set database path to: C:\Users\34684\.stmcufinder\plugins\mcufinder//mcu/
2026-05-15 21:40:39,201 [WARN] DbFile:41 - Overriding database path with different value: C:\Users\34684\.stmcufinder\plugins\mcufinder/ => C:\Users\34684\.stmcufinder\plugins\mcufinder
2026-05-15 21:40:39,201 [INFO] DbMcusAds:125 - Set database path to: C:\Users\34684\.stmcufinder\plugins\mcufinder//mcu/
2026-05-15 21:40:39,201 [WARN] DbFile:41 - Overriding database path with different value: C:\Users\34684\.stmcufinder\plugins\mcufinder/ => C:\Users\34684\.stmcufinder\plugins\mcufinder
2026-05-15 21:40:39,201 [WARN] DbFile:41 - Overriding database path with different value: C:\Users\34684\.stmcufinder\plugins\mcufinder/ => C:\Users\34684\.stmcufinder\plugins\mcufinder
2026-05-15 21:40:39,201 [INFO] CrossReferenceDbSqlite:203 - Set database path to: C:\Users\34684\.stmcufinder\plugins\mcufinder//mcu/cs/
2026-05-15 21:40:39,253 [INFO] MainPanel:272 - HeapMemory: 268435456
2026-05-15 21:40:39,318 [INFO] DbMcusXml:78 - Set database path to: C:\ST\STM32CubeIDE_1.18.1\STM32CubeIDE\plugins\com.st.stm32cube.common.mx_6.14.1.202504091515\\db\/mcu/
2026-05-15 21:40:39,318 [INFO] ApiDb:274 - Set plugin database path to: C:\ST\STM32CubeIDE_1.18.1\STM32CubeIDE\plugins\com.st.stm32cube.common.mx_6.14.1.202504091515\\db\/plugins/boardmanager/
2026-05-15 21:40:39,318 [INFO] ApiDb:261 - Set plugin images path to: C:\ST\STM32CubeIDE_1.18.1\STM32CubeIDE\plugins\com.st.stm32cube.common.mx_6.14.1.202504091515\\db\/plugins/mcufinder/images/
2026-05-15 21:40:39,318 [WARN] DbFile:41 - Overriding database path with different value: C:\Users\34684\.stmcufinder\plugins\mcufinder/ => C:\Users\34684\.stmcufinder\plugins\mcufinder
2026-05-15 21:40:39,318 [INFO] ApiDb:250 - Set database path to: C:\Users\34684\.stmcufinder\plugins\mcufinder//mcu/
2026-05-15 21:40:39,318 [WARN] DbFile:41 - Overriding database path with different value: C:\Users\34684\.stmcufinder\plugins\mcufinder/ => C:\Users\34684\.stmcufinder\plugins\mcufinder
2026-05-15 21:40:39,318 [INFO] DbMcusAds:125 - Set database path to: C:\Users\34684\.stmcufinder\plugins\mcufinder//mcu/
2026-05-15 21:40:39,318 [WARN] DbFile:41 - Overriding database path with different value: C:\Users\34684\.stmcufinder\plugins\mcufinder/ => C:\Users\34684\.stmcufinder\plugins\mcufinder
2026-05-15 21:40:39,318 [WARN] DbFile:41 - Overriding database path with different value: C:\Users\34684\.stmcufinder\plugins\mcufinder/ => C:\Users\34684\.stmcufinder\plugins\mcufinder
2026-05-15 21:40:39,319 [INFO] CrossReferenceDbSqlite:203 - Set database path to: C:\Users\34684\.stmcufinder\plugins\mcufinder//mcu/cs/
2026-05-15 21:40:39,330 [INFO] ApplicationProperties:184 - Using Application install path: C:\ST\STM32CubeIDE_1.18.1\STM32CubeIDE\plugins\com.st.stm32cube.common.mx_6.14.1.202504091515
2026-05-15 21:40:39,331 [INFO] PluginManage:196 - Search for loadable plugins [exclusion list=, ]
2026-05-15 21:40:39,332 [INFO] PluginManage:310 - Check plugin analytics
2026-05-15 21:40:39,468 [INFO] AnalyticsPlugin:253 - Accepted Software Licenses: STM32CubeMX.6.15.0
2026-05-15 21:40:39,468 [INFO] AnalyticsPlugin:255 - Accepted CMSIS Pack Licenses: 
2026-05-15 21:40:39,468 [INFO] AnalyticsPlugin:257 - Accepted Firmware Licenses: FW.MP1.1.7.0
2026-05-15 21:40:39,470 [INFO] PluginManage:359 - Loaded plugin analytics (category:tool,tabindex:-1)
2026-05-15 21:40:39,471 [INFO] PluginManage:310 - Check plugin cadmodel
2026-05-15 21:40:39,474 [INFO] CADModel:105 - Init CAD model plugin
2026-05-15 21:40:39,475 [INFO] PluginManage:359 - Loaded plugin cadmodel (category:power,tabindex:5)
2026-05-15 21:40:39,475 [INFO] PluginManage:310 - Check plugin clock
2026-05-15 21:40:39,482 [INFO] PluginManage:359 - Loaded plugin clock (category:base,tabindex:2)
2026-05-15 21:40:39,482 [INFO] PluginManage:310 - Check plugin ddr
2026-05-15 21:40:39,484 [INFO] PluginManage:359 - Loaded plugin ddr (category:tool,tabindex:6)
2026-05-15 21:40:39,484 [INFO] PluginManage:310 - Check plugin filemanager
2026-05-15 21:40:39,585 [INFO] PluginManage:359 - Loaded plugin filemanager (category:base,tabindex:10)
2026-05-15 21:40:39,586 [INFO] PluginManage:310 - Check plugin ipmanager
2026-05-15 21:40:39,592 [INFO] PluginManage:359 - Loaded plugin ipmanager (category:base,tabindex:5)
2026-05-15 21:40:39,592 [INFO] PluginManage:310 - Check plugin lpbam
2026-05-15 21:40:39,598 [INFO] PluginManage:359 - Loaded plugin lpbam (category:base,tabindex:0)
2026-05-15 21:40:39,598 [INFO] PluginManage:310 - Check plugin memorymap
2026-05-15 21:40:39,605 [INFO] PluginManage:359 - Loaded plugin memorymap (category:base,tabindex:4)
2026-05-15 21:40:39,605 [INFO] PluginManage:310 - Check plugin pinoutandconfiguration
2026-05-15 21:40:39,610 [INFO] PluginManage:359 - Loaded plugin pinoutandconfiguration (category:base,tabindex:1)
2026-05-15 21:40:39,610 [INFO] PluginManage:310 - Check plugin pinoutconfig
2026-05-15 21:40:39,678 [WARN] SupportedApi:132 - Cannot load RTOS API schema: s4s-elt-must-match.1: The content of 'definitions' must match (annotation?, (simpleType | complexType)?, (unique | key | keyref)*)). A problem was found starting at: attribute.
2026-05-15 21:40:39,835 [INFO] PluginManage:359 - Loaded plugin pinoutconfig (category:base,tabindex:0)
2026-05-15 21:40:39,836 [INFO] PluginManage:310 - Check plugin power
2026-05-15 21:40:39,845 [INFO] PluginManage:359 - Loaded plugin power (category:power,tabindex:4)
2026-05-15 21:40:39,845 [INFO] PluginManage:310 - Check plugin projectmanager
2026-05-15 21:40:39,876 [INFO] PluginManage:359 - Loaded plugin projectmanager (category:projectmanager,tabindex:4)
2026-05-15 21:40:39,876 [INFO] PluginManage:310 - Check plugin rif
2026-05-15 21:40:39,884 [INFO] PluginManage:359 - Loaded plugin rif (category:base,tabindex:3)
2026-05-15 21:40:39,885 [INFO] PluginManage:310 - Check plugin thirdparty
2026-05-15 21:40:39,985 [INFO] PluginManage:359 - Loaded plugin thirdparty (category:base,tabindex:-1)
2026-05-15 21:40:39,985 [INFO] PluginManage:310 - Check plugin tools
2026-05-15 21:40:39,985 [WARN] IntegrityCheckThread:84 - waiting for thirdparty lock release [integrity check]
2026-05-15 21:40:39,985 [INFO] IntegrityCheckThread:86 - entering critical section [integrity check]
2026-05-15 21:40:39,985 [INFO] ThirdPartyUpdaterWithRetryManager:70 - Updater plugin not ready yet. [1/15]
2026-05-15 21:40:39,987 [INFO] PluginManage:359 - Loaded plugin tools (category:base,tabindex:7)
2026-05-15 21:40:39,987 [INFO] PluginManage:310 - Check plugin tutovideos
2026-05-15 21:40:40,101 [INFO] PluginManage:359 - Loaded plugin tutovideos (category:base,tabindex:-1)
2026-05-15 21:40:40,101 [INFO] PluginManage:310 - Check plugin updater
2026-05-15 21:40:40,117 [INFO] PluginManage:359 - Loaded plugin updater (category:base,tabindex:12)
2026-05-15 21:40:40,118 [INFO] PluginManage:310 - Check plugin userauth
2026-05-15 21:40:40,121 [INFO] UserAuth:118 - Init User Auth plugin
2026-05-15 21:40:40,121 [INFO] PluginManage:359 - Loaded plugin userauth (category:base,tabindex:14)
2026-05-15 21:40:40,122 [INFO] PluginManage:283 - PluginManage : Loaded plugins [18]
2026-05-15 21:40:40,260 [INFO] PinOutPanel:1589 - setPackage(No Configuration,No Configuration)
2026-05-15 21:40:40,323 [INFO] CADModel:165 - CPN selected for project level
2026-05-15 21:40:40,323 [INFO] CADModel:114 - Register for checkConnection events
2026-05-15 21:40:40,335 [INFO] IPUIPlugin:80 - create IPUIPlugin
2026-05-15 21:40:40,335 [INFO] PluginManager:220 - loadIPPluginJar : add adc
2026-05-15 21:40:40,337 [INFO] IPUIPlugin:80 - create IPUIPlugin
2026-05-15 21:40:40,337 [INFO] PluginManager:220 - loadIPPluginJar : add aes
2026-05-15 21:40:40,339 [INFO] IPUIPlugin:80 - create IPUIPlugin
2026-05-15 21:40:40,339 [INFO] PluginManager:220 - loadIPPluginJar : add can
2026-05-15 21:40:40,340 [INFO] IPUIPlugin:80 - create IPUIPlugin
2026-05-15 21:40:40,340 [INFO] PluginManager:220 - loadIPPluginJar : add comp
2026-05-15 21:40:40,342 [INFO] IPUIPlugin:80 - create IPUIPlugin
2026-05-15 21:40:40,342 [INFO] PluginManager:220 - loadIPPluginJar : add cryp
2026-05-15 21:40:40,343 [INFO] IPUIPlugin:80 - create IPUIPlugin
2026-05-15 21:40:40,343 [INFO] PluginManager:220 - loadIPPluginJar : add ddr_ctrl_phy
2026-05-15 21:40:40,344 [INFO] IPUIPlugin:80 - create IPUIPlugin
2026-05-15 21:40:40,344 [INFO] PluginManager:220 - loadIPPluginJar : add dfsdm
2026-05-15 21:40:40,349 [INFO] IPUIPlugin:80 - create IPUIPlugin
2026-05-15 21:40:40,349 [INFO] PluginManager:220 - loadIPPluginJar : add dma
2026-05-15 21:40:40,352 [INFO] IPUIPlugin:80 - create IPUIPlugin
2026-05-15 21:40:40,352 [INFO] PluginManager:220 - loadIPPluginJar : add dma3
2026-05-15 21:40:40,354 [INFO] IPUIPlugin:80 - create IPUIPlugin
2026-05-15 21:40:40,354 [INFO] PluginManager:220 - loadIPPluginJar : add extmemmanager
2026-05-15 21:40:40,355 [INFO] IPUIPlugin:80 - create IPUIPlugin
2026-05-15 21:40:40,355 [INFO] PluginManager:220 - loadIPPluginJar : add fatfs
2026-05-15 21:40:40,359 [INFO] IPUIPlugin:80 - create IPUIPlugin
2026-05-15 21:40:40,359 [INFO] PluginManager:220 - loadIPPluginJar : add fmc
2026-05-15 21:40:40,364 [INFO] IPUIPlugin:80 - create IPUIPlugin
2026-05-15 21:40:40,365 [INFO] PluginManager:220 - loadIPPluginJar : add freertos
2026-05-15 21:40:40,366 [INFO] IPUIPlugin:80 - create IPUIPlugin
2026-05-15 21:40:40,366 [INFO] PluginManager:220 - loadIPPluginJar : add genericplugin
2026-05-15 21:40:40,368 [INFO] IPUIPlugin:80 - create IPUIPlugin
2026-05-15 21:40:40,368 [INFO] PluginManager:220 - loadIPPluginJar : add gfxmmu
2026-05-15 21:40:40,371 [INFO] IPUIPlugin:80 - create IPUIPlugin
2026-05-15 21:40:40,372 [INFO] PluginManager:220 - loadIPPluginJar : add gic
2026-05-15 21:40:40,375 [INFO] IPUIPlugin:80 - create IPUIPlugin
2026-05-15 21:40:40,375 [INFO] PluginManager:220 - loadIPPluginJar : add gpio
2026-05-15 21:40:40,378 [INFO] IPUIPlugin:80 - create IPUIPlugin
2026-05-15 21:40:40,378 [INFO] PluginManager:220 - loadIPPluginJar : add gtzc
2026-05-15 21:40:40,380 [INFO] IPUIPlugin:80 - create IPUIPlugin
2026-05-15 21:40:40,380 [INFO] PluginManager:220 - loadIPPluginJar : add hash
2026-05-15 21:40:40,382 [INFO] IPUIPlugin:80 - create IPUIPlugin
2026-05-15 21:40:40,382 [INFO] PluginManager:220 - loadIPPluginJar : add i2c
2026-05-15 21:40:40,383 [INFO] IPUIPlugin:80 - create IPUIPlugin
2026-05-15 21:40:40,383 [INFO] PluginManager:220 - loadIPPluginJar : add i2s
2026-05-15 21:40:40,386 [INFO] IPUIPlugin:80 - create IPUIPlugin
2026-05-15 21:40:40,386 [INFO] PluginManager:220 - loadIPPluginJar : add i3c
2026-05-15 21:40:40,388 [INFO] IPUIPlugin:80 - create IPUIPlugin
2026-05-15 21:40:40,388 [INFO] PluginManager:220 - loadIPPluginJar : add ipddr
2026-05-15 21:40:40,395 [INFO] IPUIPlugin:80 - create IPUIPlugin
2026-05-15 21:40:40,395 [INFO] PluginManager:220 - loadIPPluginJar : add linkedlist
2026-05-15 21:40:40,397 [INFO] IPUIPlugin:80 - create IPUIPlugin
2026-05-15 21:40:40,397 [INFO] PluginManager:220 - loadIPPluginJar : add lorawan
2026-05-15 21:40:40,398 [INFO] IPUIPlugin:80 - create IPUIPlugin
2026-05-15 21:40:40,399 [INFO] PluginManager:220 - loadIPPluginJar : add ltdc
2026-05-15 21:40:40,402 [INFO] IPUIPlugin:80 - create IPUIPlugin
2026-05-15 21:40:40,402 [INFO] PluginManager:220 - loadIPPluginJar : add mdma
2026-05-15 21:40:40,404 [INFO] IPUIPlugin:80 - create IPUIPlugin
2026-05-15 21:40:40,405 [INFO] PluginManager:220 - loadIPPluginJar : add nvic
2026-05-15 21:40:40,407 [INFO] IPUIPlugin:80 - create IPUIPlugin
2026-05-15 21:40:40,407 [INFO] PluginManager:220 - loadIPPluginJar : add opamp
2026-05-15 21:40:40,410 [INFO] IPUIPlugin:80 - create IPUIPlugin
2026-05-15 21:40:40,410 [INFO] PluginManager:220 - loadIPPluginJar : add openamp
2026-05-15 21:40:40,412 [INFO] IPUIPlugin:80 - create IPUIPlugin
2026-05-15 21:40:40,414 [INFO] PluginManager:220 - loadIPPluginJar : add pdm2pcm
2026-05-15 21:40:40,419 [INFO] IPUIPlugin:80 - create IPUIPlugin
2026-05-15 21:40:40,422 [INFO] PluginManager:220 - loadIPPluginJar : add plateformsettings
2026-05-15 21:40:40,424 [INFO] IPUIPlugin:80 - create IPUIPlugin
2026-05-15 21:40:40,424 [INFO] PluginManager:220 - loadIPPluginJar : add quadspi
2026-05-15 21:40:40,425 [INFO] IPUIPlugin:80 - create IPUIPlugin
2026-05-15 21:40:40,426 [INFO] PluginManager:220 - loadIPPluginJar : add radio
2026-05-15 21:40:40,429 [INFO] IPUIPlugin:80 - create IPUIPlugin
2026-05-15 21:40:40,429 [INFO] PluginManager:220 - loadIPPluginJar : add resmgrutility
2026-05-15 21:40:40,433 [INFO] IPUIPlugin:80 - create IPUIPlugin
2026-05-15 21:40:40,433 [INFO] PluginManager:220 - loadIPPluginJar : add sai
2026-05-15 21:40:40,435 [INFO] IPUIPlugin:80 - create IPUIPlugin
2026-05-15 21:40:40,435 [INFO] PluginManager:220 - loadIPPluginJar : add spi
2026-05-15 21:40:40,439 [INFO] IPUIPlugin:80 - create IPUIPlugin
2026-05-15 21:40:40,440 [INFO] PluginManager:220 - loadIPPluginJar : add stm32_wpan
2026-05-15 21:40:40,441 [INFO] IPUIPlugin:80 - create IPUIPlugin
2026-05-15 21:40:40,441 [INFO] PluginManager:220 - loadIPPluginJar : add tim
2026-05-15 21:40:40,446 [INFO] IPUIPlugin:80 - create IPUIPlugin
2026-05-15 21:40:40,446 [INFO] PluginManager:220 - loadIPPluginJar : add touchsensing
2026-05-15 21:40:40,448 [INFO] IPUIPlugin:80 - create IPUIPlugin
2026-05-15 21:40:40,448 [INFO] PluginManager:220 - loadIPPluginJar : add tracer_emb
2026-05-15 21:40:40,450 [INFO] IPUIPlugin:80 - create IPUIPlugin
2026-05-15 21:40:40,450 [INFO] PluginManager:220 - loadIPPluginJar : add ts
2026-05-15 21:40:40,452 [INFO] IPUIPlugin:80 - create IPUIPlugin
2026-05-15 21:40:40,452 [INFO] PluginManager:220 - loadIPPluginJar : add tsc
2026-05-15 21:40:40,454 [INFO] IPUIPlugin:80 - create IPUIPlugin
2026-05-15 21:40:40,454 [INFO] PluginManager:220 - loadIPPluginJar : add ucpd
2026-05-15 21:40:40,456 [INFO] IPUIPlugin:80 - create IPUIPlugin
2026-05-15 21:40:40,456 [INFO] PluginManager:220 - loadIPPluginJar : add usart
2026-05-15 21:40:40,458 [INFO] IPUIPlugin:80 - create IPUIPlugin
2026-05-15 21:40:40,458 [INFO] PluginManager:220 - loadIPPluginJar : add usbx
2026-05-15 21:40:40,578 [FATAL] Updater:351 - Updater called before beeing initialized
2026-05-15 21:40:40,600 [INFO] RulesReader:64 - Compatibility file has been processed (302 Rules)
2026-05-15 21:40:40,608 [INFO] RulesReader:64 - Compatibility file has been processed (302 Rules)
2026-05-15 21:40:40,614 [INFO] CADModel:165 - CPN selected for project level
2026-05-15 21:40:40,615 [INFO] CADModel:114 - Register for checkConnection events
2026-05-15 21:40:40,615 [FATAL] Updater:351 - Updater called before beeing initialized
2026-05-15 21:40:40,615 [ERROR] CADModel:125 - Updater not yet initialized, retry later 
2026-05-15 21:40:40,704 [FATAL] Updater:351 - Updater called before beeing initialized
2026-05-15 21:40:40,705 [INFO] CADModel:165 - CPN selected for project level
2026-05-15 21:40:40,705 [INFO] CADModel:114 - Register for checkConnection events
2026-05-15 21:40:40,705 [FATAL] Updater:351 - Updater called before beeing initialized
2026-05-15 21:40:40,705 [ERROR] CADModel:125 - Updater not yet initialized, retry later 
2026-05-15 21:40:40,708 [FATAL] Updater:351 - Updater called before beeing initialized
2026-05-15 21:40:40,816 [FATAL] Updater:351 - Updater called before beeing initialized
2026-05-15 21:40:40,819 [INFO] DbMcusAds:53 - JSON generation date=Mon Apr 27 10:14:29 CEST 2026 (1777277669577)
2026-05-15 21:40:40,819 [FATAL] Updater:351 - Updater called before beeing initialized
2026-05-15 21:40:40,846 [WARN] DetailPanel:346 - Failed to get advertising image, set to default
2026-05-15 21:40:41,049 [FATAL] Updater:351 - Updater called before beeing initialized
2026-05-15 21:40:41,050 [FATAL] Updater:351 - Updater called before beeing initialized
2026-05-15 21:40:41,050 [FATAL] Updater:351 - Updater called before beeing initialized
2026-05-15 21:40:41,050 [WARN] DetailPanel:346 - Failed to get advertising image, set to default
2026-05-15 21:40:41,051 [FATAL] Updater:351 - Updater called before beeing initialized
2026-05-15 21:40:41,088 [ERROR] Updater:1198 - MainUpdater not yet initialized. External WinMGr cannot be set.
2026-05-15 21:40:41,091 [INFO] Updater:1134 - Updater Version found : 6.14.1
2026-05-15 21:40:41,106 [INFO] ApplicationProperties:184 - Using Application install path: C:\ST\STM32CubeIDE_1.18.1\STM32CubeIDE\plugins\com.st.stm32cube.common.mx_6.14.1.202504091515
2026-05-15 21:40:42,677 [ERROR] LogOutputStream:75 - [STDERR_REDIRECT] May 15, 2026 9:40:42 PM java.util.prefs.WindowsPreferences <init>
2026-05-15 21:40:42,679 [ERROR] LogOutputStream:75 - [STDERR_REDIRECT] WARNING: Could not open/create prefs root node Software\JavaSoft\Prefs at root 0xffffffff80000002. Windows RegCreateKeyEx(...) returned error code 5.
2026-05-15 21:40:42,679 [ERROR] LogOutputStream:75 - [STDERR_REDIRECT] 
2026-05-15 21:40:42,898 [INFO] MainUpdater:2872 - connection check result : 10
2026-05-15 21:40:42,898 [INFO] MainUpdater:289 - Updater Check For Update Now.
2026-05-15 21:40:42,899 [INFO] MicroXplorer:498 - Change Database Version : DB.6.0.141
2026-05-15 21:40:42,902 [INFO] McuFinderGlobals:63 - Set McuFinder mode to 2 (CubeIDE integrated)
2026-05-15 21:40:42,902 [INFO] UserAuth:171 - activating auth plugin
2026-05-15 21:40:42,904 [INFO] UserAuth:484 - Internet connection configuration mode: 1
2026-05-15 21:40:42,917 [INFO] JxBrowserEngine:152 - Initiate JxBrowser Engine with user profile folder
2026-05-15 21:40:42,987 [WARN] MainUpdater:1193 - Updater busy. Cannot search thirdparties
2026-05-15 21:40:42,987 [INFO] ThirdPartyUpdaterWithRetryManager:96 - Updater plugin is busy. [1/15]
2026-05-15 21:40:43,075 [INFO] CheckServerUpdateThread:120 - End of CheckServer Thread
2026-05-15 21:40:43,330 [INFO] WebApp:169 - Instantiating new browser for Auth
2026-05-15 21:40:43,827 [INFO] WebApp:463 - Apply proxy settings
2026-05-15 21:40:43,827 [INFO] WebApp:548 - Chromium requires no authentication
2026-05-15 21:40:43,834 [INFO] WebApp:491 - Direct internet connection detected
2026-05-15 21:40:43,852 [INFO] WebApp:894 - Register for checkConnection events
2026-05-15 21:40:43,852 [INFO] WebApp:463 - Apply proxy settings
2026-05-15 21:40:43,852 [INFO] WebApp:548 - Chromium requires no authentication
2026-05-15 21:40:43,853 [INFO] WebApp:491 - Direct internet connection detected
2026-05-15 21:40:43,959 [INFO] WebApp:225 - Starting web application
2026-05-15 21:40:43,959 [INFO] WebApp:593 - Web application path used C:\ST\STM32CubeIDE_1.18.1\STM32CubeIDE\plugins\com.st.stm32cube.common.mx_6.14.1.202504091515\db\plugins\mcufinder\reactClient1\index.html
2026-05-15 21:40:44,144 [INFO] WebApp:191 - Connection restablished
2026-05-15 21:40:46,221 [WARN] PackLoader:240 - Cannot read IP mode file for STMicroelectronics.X-CUBE-AZRTOS-H7.3.5.0
2026-05-15 21:40:46,237 [WARN] PackLoader:240 - Cannot read IP mode file for STMicroelectronics.FP-SNS-MOTENVWB1.1.4.0
2026-05-15 21:40:46,242 [WARN] PackLoader:240 - Cannot read IP mode file for STMicroelectronics.FP-ATR-ASTRA1.2.0.2
2026-05-15 21:40:46,249 [WARN] PackLoader:240 - Cannot read IP mode file for STMicroelectronics.X-CUBE-SMBUS.2.1.0
2026-05-15 21:40:46,253 [WARN] PackLoader:240 - Cannot read IP mode file for STMicroelectronics.X-CUBE-ST60.1.0.0
2026-05-15 21:40:46,275 [WARN] PackLoader:240 - Cannot read IP mode file for STMicroelectronics.X-CUBE-AZRTOS-F7.1.1.0
2026-05-15 21:40:46,285 [ERROR] Engine:466 - C:\Users\34684\.stm32cubemx\thirdparties\pdsc\STMicroelectronics.FP-SNS-MOTENV1.5.1.0.pdsc: PDSC version is not supported
2026-05-15 21:40:46,304 [WARN] PackLoader:240 - Cannot read IP mode file for Infineon.AIROC-Wi-Fi-Bluetooth-STM32.1.7.1
2026-05-15 21:40:46,323 [WARN] PackLoader:240 - Cannot read IP mode file for STMicroelectronics.X-CUBE-AZRTOS-H7.3.4.0
2026-05-15 21:40:46,332 [WARN] PackLoader:240 - Cannot read IP mode file for STMicroelectronics.X-CUBE-DISPLAY.3.0.0
2026-05-15 21:40:46,339 [WARN] PackLoader:240 - Cannot read IP mode file for STMicroelectronics.X-CUBE-GNSS1.7.1.1
2026-05-15 21:40:46,342 [ERROR] Engine:466 - C:\Users\34684\.stm32cubemx\thirdparties\pdsc\STMicroelectronics.FP-SNS-MOTENVWB1.1.5.0.pdsc: PDSC version is not supported
2026-05-15 21:40:46,348 [WARN] PackLoader:240 - Cannot read IP mode file for STMicroelectronics.X-CUBE-NFC10.1.0.0
2026-05-15 21:40:46,357 [WARN] PackLoader:240 - Cannot read IP mode file for STMicroelectronics.X-CUBE-BLEMGR.4.0.0
2026-05-15 21:40:46,362 [WARN] PackLoader:240 - Cannot read IP mode file for STMicroelectronics.X-CUBE-ST60.1.1.0
2026-05-15 21:40:46,367 [WARN] PackLoader:240 - Cannot read IP mode file for emotas.I-CUBE-CANOPEN.1.3.0
2026-05-15 21:40:46,370 [WARN] PackLoader:240 - Cannot read IP mode file for STMicroelectronics.X-CUBE-GNSS1.7.1.0
2026-05-15 21:40:46,374 [WARN] ConditionMgr:438 - getConditionDescription Invalid condition id : Cortex-A Device cause : null
2026-05-15 21:40:46,387 [WARN] ConditionMgr:1044 - genDependencies : Invalid condition id : Cortex-A Device cause : null
2026-05-15 21:40:46,387 [WARN] ConditionMgr:1044 - genDependencies : Invalid condition id : Cortex-A Device cause : null
2026-05-15 21:40:46,387 [WARN] ConditionMgr:1044 - genDependencies : Invalid condition id : Cortex-A Device cause : null
2026-05-15 21:40:46,389 [ERROR] Engine:466 - C:\Users\34684\.stm32cubemx\thirdparties\pdsc\STMicroelectronics.FP-SNS-STBOX1.2.1.0.pdsc: PDSC version is not supported
2026-05-15 21:40:46,392 [WARN] PackLoader:240 - Cannot read IP mode file for STMicroelectronics.FP-SNS-SMARTAG2.1.2.0
2026-05-15 21:40:46,395 [WARN] PackLoader:240 - Cannot read IP mode file for STMicroelectronics.FP-SNS-FLIGHT1.5.1.0
2026-05-15 21:40:46,402 [INFO] LogOutputStream:77 - [STDOUT_REDIRECT] 1 : Invalid condition id : UX_CORESTACK_Condition cause : null
2026-05-15 21:40:46,402 [INFO] LogOutputStream:77 - [STDOUT_REDIRECT] 1 : Invalid condition id : UX_CORESTACK_Condition cause : null
2026-05-15 21:40:46,402 [INFO] LogOutputStream:77 - [STDOUT_REDIRECT] 1 : Invalid condition id : UX_CORESTACK_Condition cause : null
2026-05-15 21:40:46,403 [INFO] LogOutputStream:77 - [STDOUT_REDIRECT] 1 : Invalid condition id : UX_CORESTACK_Condition cause : null
2026-05-15 21:40:46,404 [INFO] LogOutputStream:77 - [STDOUT_REDIRECT] 1 : Invalid condition id : UX_CORESTACK_Condition cause : null
2026-05-15 21:40:46,407 [WARN] PackLoader:240 - Cannot read IP mode file for STMicroelectronics.X-CUBE-AZRTOS-WL.2.0.0
2026-05-15 21:40:46,411 [WARN] PackLoader:240 - Cannot read IP mode file for STMicroelectronics.FP-SNS-MOTENV1.5.0.0
2026-05-15 21:40:46,425 [WARN] PackLoader:240 - Cannot read IP mode file for STMicroelectronics.X-CUBE-AZRTOS-H7RS.1.2.0
2026-05-15 21:40:46,433 [WARN] PackLoader:240 - Cannot read IP mode file for WES.I-CUBE-Cesium.1.3.0
2026-05-15 21:40:46,437 [WARN] PackLoader:240 - Cannot read IP mode file for STMicroelectronics.X-CUBE-BLE2.3.3.0
2026-05-15 21:40:46,450 [WARN] PackLoader:240 - Cannot read IP mode file for STMicroelectronics.X-CUBE-NFC9.1.0.0
2026-05-15 21:40:46,454 [WARN] PackLoader:240 - Cannot read IP mode file for wolfSSL.I-CUBE-wolfSSL.5.8.0
2026-05-15 21:40:46,457 [WARN] PackLoader:240 - Cannot read IP mode file for STMicroelectronics.X-CUBE-BLE1.7.1.0
2026-05-15 21:40:46,459 [WARN] PackLoader:240 - Cannot read IP mode file for wolfSSL.I-CUBE-wolfMQTT.1.19.2
2026-05-15 21:40:46,460 [ERROR] Engine:466 - C:\Users\34684\.stm32cubemx\thirdparties\pdsc\STMicroelectronics.X-CUBE-FREERTOS.1.4.0.pdsc: PDSC version is not supported
2026-05-15 21:40:46,466 [WARN] PackLoader:240 - Cannot read IP mode file for STMicroelectronics.X-CUBE-EEPRMA1.5.2.0
2026-05-15 21:40:46,480 [ERROR] Engine:466 - C:\Users\34684\.stm32cubemx\thirdparties\pdsc\STMicroelectronics.X-CUBE-ST67W61.1.1.0.pdsc: PDSC version is not supported
2026-05-15 21:40:46,486 [WARN] PackLoader:240 - Cannot read IP mode file for STMicroelectronics.X-CUBE-AI.10.1.0
2026-05-15 21:40:46,490 [ERROR] Engine:466 - C:\Users\34684\.stm32cubemx\thirdparties\pdsc\STMicroelectronics.FP-SNS-STAIOTCFT.1.1.0.pdsc: PDSC version is not supported
2026-05-15 21:40:46,538 [WARN] PackLoader:240 - Cannot read IP mode file for STMicroelectronics.X-CUBE-MEMS1.12.0.0
2026-05-15 21:40:46,649 [WARN] PackLoader:240 - Cannot read IP mode file for STMicroelectronics.X-CUBE-AZRTOS-G0.1.1.0
2026-05-15 21:40:46,655 [WARN] PackLoader:240 - Cannot read IP mode file for STMicroelectronics.X-CUBE-SAFEA1.1.2.2
2026-05-15 21:40:46,659 [WARN] PackLoader:240 - Cannot read IP mode file for STMicroelectronics.X-CUBE-NFC4.3.0.0
2026-05-15 21:40:46,665 [WARN] PackLoader:240 - Cannot read IP mode file for EmbeddedOffice.I-CUBE-FS-RTOS.1.0.1
2026-05-15 21:40:46,669 [WARN] PackLoader:240 - Cannot read IP mode file for STMicroelectronics.X-CUBE-WB05N.2.0.0
2026-05-15 21:40:46,672 [WARN] PackLoader:240 - Cannot read IP mode file for wolfSSL.I-CUBE-wolfTPM.3.8.0
2026-05-15 21:40:46,675 [WARN] PackLoader:240 - Cannot read IP mode file for STMicroelectronics.X-CUBE-TCPP.4.2.0
2026-05-15 21:40:46,682 [WARN] PackLoader:240 - Cannot read IP mode file for RealThread.X-CUBE-RT-Thread_Nano.4.1.1
2026-05-15 21:40:46,684 [WARN] PackLoader:240 - Cannot read IP mode file for STMicroelectronics.FP-ATR-SIGFOX1.3.2.0
2026-05-15 21:40:46,687 [WARN] PackLoader:240 - Cannot read IP mode file for STMicroelectronics.X-CUBE-EEPRMA1.5.1.0
2026-05-15 21:40:46,690 [ERROR] Engine:466 - C:\Users\34684\.stm32cubemx\thirdparties\pdsc\STMicroelectronics.X-CUBE-FREERTOS.1.5.0.pdsc: PDSC version is not supported
2026-05-15 21:40:46,693 [WARN] PackLoader:240 - Cannot read IP mode file for ITTIA_DB.I-CUBE-ITTIADB.8.9.0
2026-05-15 21:40:46,701 [WARN] PackLoader:240 - Cannot read IP mode file for STMicroelectronics.X-CUBE-NFC6.3.2.0
2026-05-15 21:40:46,707 [WARN] PackLoader:240 - Cannot read IP mode file for STMicroelectronics.X-CUBE-ST67W61.1.0.0
2026-05-15 21:40:46,709 [WARN] PackLoader:240 - Cannot read IP mode file for STMicroelectronics.X-CUBE-AI.10.2.0
2026-05-15 21:40:46,743 [WARN] PackLoader:240 - Cannot read IP mode file for STMicroelectronics.X-CUBE-MEMS1.12.1.0
2026-05-15 21:40:46,804 [WARN] PackLoader:240 - Cannot read IP mode file for SEGGER.I-CUBE-embOS.1.3.1
2026-05-15 21:40:46,826 [WARN] PackLoader:240 - Cannot read IP mode file for STMicroelectronics.X-CUBE-ALGOBUILD.1.4.0
2026-05-15 21:40:46,860 [WARN] PackLoader:240 - Cannot read IP mode file for STMicroelectronics.X-CUBE-MEMS1.11.3.0
2026-05-15 21:40:46,952 [WARN] PackLoader:240 - Cannot read IP mode file for STMicroelectronics.X-CUBE-PM33A1.1.0.0
2026-05-15 21:40:46,965 [WARN] PackLoader:240 - Cannot read IP mode file for STMicroelectronics.X-CUBE-AZRTOS-F4.1.1.0
2026-05-15 21:40:46,970 [WARN] PackLoader:240 - Cannot read IP mode file for Avnet-IotConnect.X-CUBE-IoTC-DA16k-PMOD.1.0.0
2026-05-15 21:40:46,973 [WARN] PackLoader:240 - Cannot read IP mode file for STMicroelectronics.X-CUBE-ISPU.2.1.0
2026-05-15 21:40:46,977 [ERROR] Engine:466 - C:\Users\34684\.stm32cubemx\thirdparties\pdsc\STMicroelectronics.X-CUBE-IPS.3.2.0.pdsc: PDSC version is not supported
2026-05-15 21:40:46,980 [WARN] PackLoader:240 - Cannot read IP mode file for STMicroelectronics.eDS-WB_DPC_TT-BIDIR.2.1.1
2026-05-15 21:40:46,985 [WARN] PackLoader:240 - Cannot read IP mode file for STMicroelectronics.X-CUBE-NFC12.1.0.0
2026-05-15 21:40:46,999 [WARN] PackLoader:240 - Cannot read IP mode file for STMicroelectronics.X-CUBE-AZRTOS-L5.2.0.0
2026-05-15 21:40:47,004 [WARN] PackLoader:240 - Cannot read IP mode file for STMicroelectronics.X-CUBE-NFC6.3.1.0
2026-05-15 21:40:47,009 [WARN] PackLoader:240 - Cannot read IP mode file for STMicroelectronics.eDS-WB_DPC_VIENNA.1.2.0
2026-05-15 21:40:47,013 [WARN] PackLoader:240 - Cannot read IP mode file for STMicroelectronics.eDS-WB_DPC_3PH2L-BIDIR.1.1.1
2026-05-15 21:40:47,016 [ERROR] Engine:466 - C:\Users\34684\.stm32cubemx\thirdparties\pdsc\STMicroelectronics.X-CUBE-ST67W61.1.3.0.pdsc: PDSC version is not supported
2026-05-15 21:40:47,020 [WARN] PackLoader:240 - Cannot read IP mode file for STMicroelectronics.X-CUBE-FREERTOS.1.3.1
2026-05-15 21:40:47,024 [WARN] PackLoader:240 - Cannot read IP mode file for STMicroelectronics.X-CUBE-TOUCHGFX.4.26.0
2026-05-15 21:40:47,026 [WARN] PackLoader:240 - Cannot read IP mode file for STMicroelectronics.X-CUBE-TOUCHGFX.4.26.1
2026-05-15 21:40:47,030 [WARN] PackLoader:240 - Cannot read IP mode file for STMicroelectronics.FP-SNS-STAIOTCFT.1.0.0
2026-05-15 21:40:47,035 [WARN] PackLoader:240 - Cannot read IP mode file for STMicroelectronics.X-CUBE-DPower.1.3.0
2026-05-15 21:40:47,044 [WARN] ConditionMgr:438 - getConditionDescription Invalid condition id : LAN8742 Phy interface Condition cause : null
2026-05-15 21:40:47,045 [WARN] PackLoader:240 - Cannot read IP mode file for STMicroelectronics.X-CUBE-AZRTOS-L4.2.0.0
2026-05-15 21:40:47,047 [WARN] ConditionMgr:1044 - genDependencies : Invalid condition id : LAN8742 Phy interface Condition cause : null
2026-05-15 21:40:47,047 [WARN] ConditionMgr:1044 - genDependencies : Invalid condition id : LAN8742 Phy interface Condition cause : null
2026-05-15 21:40:47,047 [WARN] ConditionMgr:1044 - genDependencies : Invalid condition id : LAN8742 Phy interface Condition cause : null
2026-05-15 21:40:47,053 [WARN] PackLoader:240 - Cannot read IP mode file for STMicroelectronics.X-CUBE-SFXS2LP1.4.0.0
2026-05-15 21:40:47,056 [WARN] PackLoader:240 - Cannot read IP mode file for STMicroelectronics.X-CUBE-WB05N.2.1.0
2026-05-15 21:40:47,059 [ERROR] Engine:466 - C:\Users\34684\.stm32cubemx\thirdparties\pdsc\STMicroelectronics.X-CUBE-ST67W61.1.2.0.pdsc: PDSC version is not supported
2026-05-15 21:40:47,064 [WARN] PackLoader:240 - Cannot read IP mode file for STMicroelectronics.X-CUBE-BLEMGR.4.1.0
2026-05-15 21:40:47,087 [WARN] ConditionMgr:438 - getConditionDescription Invalid condition id : UX DEVICE CLASS RTOS Condition cause : null
2026-05-15 21:40:47,088 [WARN] ConditionMgr:438 - getConditionDescription Invalid condition id : UX DEVICE CLASS RTOS Condition cause : null
2026-05-15 21:40:47,090 [WARN] PackLoader:240 - Cannot read IP mode file for STMicroelectronics.X-CUBE-AZRTOS-WB.2.0.0
2026-05-15 21:40:47,091 [WARN] ConditionMgr:1044 - genDependencies : Invalid condition id : UX DEVICE CLASS RTOS Condition cause : null
2026-05-15 21:40:47,091 [WARN] ConditionMgr:1044 - genDependencies : Invalid condition id : UX DEVICE CLASS RTOS Condition cause : null
2026-05-15 21:40:47,091 [WARN] ConditionMgr:1044 - genDependencies : Invalid condition id : UX DEVICE CLASS RTOS Condition cause : null
2026-05-15 21:40:47,091 [WARN] ConditionMgr:1044 - genDependencies : Invalid condition id : UX DEVICE CLASS RTOS Condition cause : null
2026-05-15 21:40:47,091 [WARN] ConditionMgr:1044 - genDependencies : Invalid condition id : UX DEVICE CLASS RTOS Condition cause : null
2026-05-15 21:40:47,100 [WARN] PackLoader:240 - Cannot read IP mode file for STMicroelectronics.X-CUBE-GNSS1.7.0.1
2026-05-15 21:40:47,105 [WARN] PackLoader:240 - Cannot read IP mode file for STMicroelectronics.X-CUBE-TOUCHGFX.4.25.0
2026-05-15 21:40:47,120 [WARN] PackLoader:240 - Cannot read IP mode file for STMicroelectronics.FP-SNS-STBOX1.2.0.0
2026-05-15 21:40:47,129 [WARN] PackLoader:240 - Cannot read IP mode file for STMicroelectronics.X-CUBE-STSE01.2.0.0
2026-05-15 21:40:47,145 [WARN] PackLoader:240 - Cannot read IP mode file for STMicroelectronics.X-CUBE-SUBG2.5.0.0
2026-05-15 21:40:47,182 [WARN] PackLoader:240 - Cannot read IP mode file for STMicroelectronics.X-CUBE-AZRTOS-H7RS.1.1.0
2026-05-15 21:40:47,190 [WARN] PackLoader:240 - Cannot read IP mode file for Cesanta.I-CUBE-Mongoose.7.13.0
2026-05-15 21:40:47,217 [WARN] PackLoader:240 - Cannot read IP mode file for STMicroelectronics.X-CUBE-AZRTOS-G4.2.0.0
2026-05-15 21:40:47,223 [WARN] PackLoader:240 - Cannot read IP mode file for wolfSSL.I-CUBE-wolfSSH.1.4.20
2026-05-15 21:40:47,228 [WARN] PackLoader:240 - Cannot read IP mode file for STMicroelectronics.X-CUBE-NFC7.2.0.0
2026-05-15 21:40:47,240 [WARN] PackLoader:240 - Cannot read IP mode file for STMicroelectronics.X-CUBE-IPS.3.1.0
2026-05-15 21:40:47,250 [WARN] PackLoader:240 - Cannot read IP mode file for STMicroelectronics.X-CUBE-ALS.1.0.2
2026-05-15 21:40:47,255 [WARN] PackLoader:240 - Cannot read IP mode file for STMicroelectronics.X-CUBE-STSE01.1.0.0
2026-05-15 21:40:47,259 [WARN] PackLoader:240 - Cannot read IP mode file for portGmbH.I-Cube-SoM-uGOAL.1.1.0
2026-05-15 21:40:47,268 [WARN] PackLoader:240 - Cannot read IP mode file for STMicroelectronics.X-CUBE-TOF1.3.4.3
2026-05-15 21:40:47,277 [INFO] ThirdParty:978 - Integrity check success = true
2026-05-15 21:40:47,277 [INFO] IntegrityCheckThread:100 - exiting critical section [integrity check]
2026-05-15 21:40:47,277 [INFO] IntegrityCheckThread:103 - End integrity checks thread
2026-05-15 21:44:40,755 [ERROR] LogOutputStream:75 - [STDERR_REDIRECT] 
2026-05-15 21:44:44,905 [INFO] Activator:176 - 


2026-05-15 21:44:44,906 [INFO] Activator:177 - !SESSION log4j initialized
2026-05-15 21:44:46,843 [INFO] LogOutputStream:77 - [STDOUT_REDIRECT] 
2026-05-15 21:44:48,417 [INFO] ApplicationProperties:184 - Using Application install path: C:\ST\STM32CubeIDE_1.18.1\STM32CubeIDE\plugins\com.st.stm32cube.common.mx_6.14.1.202504091515
2026-05-15 21:44:48,429 [INFO] DbMcusXml:78 - Set database path to: C:\ST\STM32CubeIDE_1.18.1\STM32CubeIDE\plugins\com.st.stm32cube.common.mx_6.14.1.202504091515\\db\/mcu/
2026-05-15 21:44:48,429 [INFO] ApiDb:274 - Set plugin database path to: C:\ST\STM32CubeIDE_1.18.1\STM32CubeIDE\plugins\com.st.stm32cube.common.mx_6.14.1.202504091515\\db\/plugins/boardmanager/
2026-05-15 21:44:48,429 [WARN] ApiDb:259 - Overriding images path with different value:  => C:\ST\STM32CubeIDE_1.18.1\STM32CubeIDE\plugins\com.st.stm32cube.common.mx_6.14.1.202504091515\\db\/plugins/mcufinder/images/
2026-05-15 21:44:48,432 [INFO] ApiDb:250 - Set database path to: C:\Users\34684\.stmcufinder\plugins\mcufinder//mcu/
2026-05-15 21:44:48,433 [INFO] DbMcusAds:125 - Set database path to: C:\Users\34684\.stmcufinder\plugins\mcufinder//mcu/
2026-05-15 21:44:48,435 [INFO] CrossReferenceDbSqlite:203 - Set database path to: C:\Users\34684\.stmcufinder\plugins\mcufinder//mcu/cs/
2026-05-15 21:44:48,521 [INFO] RulesReader:64 - Compatibility file has been processed (302 Rules)
2026-05-15 21:44:48,577 [INFO] DbMcusXml:78 - Set database path to: C:\ST\STM32CubeIDE_1.18.1\STM32CubeIDE\plugins\com.st.stm32cube.common.mx_6.14.1.202504091515\\db\/mcu/
2026-05-15 21:44:48,577 [INFO] ApiDb:274 - Set plugin database path to: C:\ST\STM32CubeIDE_1.18.1\STM32CubeIDE\plugins\com.st.stm32cube.common.mx_6.14.1.202504091515\\db\/plugins/boardmanager/
2026-05-15 21:44:48,577 [INFO] ApiDb:261 - Set plugin images path to: C:\ST\STM32CubeIDE_1.18.1\STM32CubeIDE\plugins\com.st.stm32cube.common.mx_6.14.1.202504091515\\db\/plugins/mcufinder/images/
2026-05-15 21:44:48,577 [WARN] DbFile:41 - Overriding database path with different value: C:\Users\34684\.stmcufinder\plugins\mcufinder/ => C:\Users\34684\.stmcufinder\plugins\mcufinder
2026-05-15 21:44:48,577 [INFO] ApiDb:250 - Set database path to: C:\Users\34684\.stmcufinder\plugins\mcufinder//mcu/
2026-05-15 21:44:48,577 [WARN] DbFile:41 - Overriding database path with different value: C:\Users\34684\.stmcufinder\plugins\mcufinder/ => C:\Users\34684\.stmcufinder\plugins\mcufinder
2026-05-15 21:44:48,578 [INFO] DbMcusAds:125 - Set database path to: C:\Users\34684\.stmcufinder\plugins\mcufinder//mcu/
2026-05-15 21:44:48,578 [WARN] DbFile:41 - Overriding database path with different value: C:\Users\34684\.stmcufinder\plugins\mcufinder/ => C:\Users\34684\.stmcufinder\plugins\mcufinder
2026-05-15 21:44:48,578 [WARN] DbFile:41 - Overriding database path with different value: C:\Users\34684\.stmcufinder\plugins\mcufinder/ => C:\Users\34684\.stmcufinder\plugins\mcufinder
2026-05-15 21:44:48,578 [INFO] CrossReferenceDbSqlite:203 - Set database path to: C:\Users\34684\.stmcufinder\plugins\mcufinder//mcu/cs/
2026-05-15 21:44:48,628 [INFO] MainPanel:272 - HeapMemory: 268435456
2026-05-15 21:44:48,685 [INFO] DbMcusXml:78 - Set database path to: C:\ST\STM32CubeIDE_1.18.1\STM32CubeIDE\plugins\com.st.stm32cube.common.mx_6.14.1.202504091515\\db\/mcu/
2026-05-15 21:44:48,685 [INFO] ApiDb:274 - Set plugin database path to: C:\ST\STM32CubeIDE_1.18.1\STM32CubeIDE\plugins\com.st.stm32cube.common.mx_6.14.1.202504091515\\db\/plugins/boardmanager/
2026-05-15 21:44:48,685 [INFO] ApiDb:261 - Set plugin images path to: C:\ST\STM32CubeIDE_1.18.1\STM32CubeIDE\plugins\com.st.stm32cube.common.mx_6.14.1.202504091515\\db\/plugins/mcufinder/images/
2026-05-15 21:44:48,685 [WARN] DbFile:41 - Overriding database path with different value: C:\Users\34684\.stmcufinder\plugins\mcufinder/ => C:\Users\34684\.stmcufinder\plugins\mcufinder
2026-05-15 21:44:48,685 [INFO] ApiDb:250 - Set database path to: C:\Users\34684\.stmcufinder\plugins\mcufinder//mcu/
2026-05-15 21:44:48,685 [WARN] DbFile:41 - Overriding database path with different value: C:\Users\34684\.stmcufinder\plugins\mcufinder/ => C:\Users\34684\.stmcufinder\plugins\mcufinder
2026-05-15 21:44:48,685 [INFO] DbMcusAds:125 - Set database path to: C:\Users\34684\.stmcufinder\plugins\mcufinder//mcu/
2026-05-15 21:44:48,685 [WARN] DbFile:41 - Overriding database path with different value: C:\Users\34684\.stmcufinder\plugins\mcufinder/ => C:\Users\34684\.stmcufinder\plugins\mcufinder
2026-05-15 21:44:48,685 [WARN] DbFile:41 - Overriding database path with different value: C:\Users\34684\.stmcufinder\plugins\mcufinder/ => C:\Users\34684\.stmcufinder\plugins\mcufinder
2026-05-15 21:44:48,686 [INFO] CrossReferenceDbSqlite:203 - Set database path to: C:\Users\34684\.stmcufinder\plugins\mcufinder//mcu/cs/
2026-05-15 21:44:48,698 [INFO] ApplicationProperties:184 - Using Application install path: C:\ST\STM32CubeIDE_1.18.1\STM32CubeIDE\plugins\com.st.stm32cube.common.mx_6.14.1.202504091515
2026-05-15 21:44:48,699 [INFO] PluginManage:196 - Search for loadable plugins [exclusion list=, ]
2026-05-15 21:44:48,700 [INFO] PluginManage:310 - Check plugin analytics
2026-05-15 21:44:48,840 [INFO] AnalyticsPlugin:253 - Accepted Software Licenses: STM32CubeMX.6.15.0
2026-05-15 21:44:48,842 [INFO] AnalyticsPlugin:255 - Accepted CMSIS Pack Licenses: 
2026-05-15 21:44:48,842 [INFO] AnalyticsPlugin:257 - Accepted Firmware Licenses: FW.MP1.1.7.0
2026-05-15 21:44:48,844 [INFO] PluginManage:359 - Loaded plugin analytics (category:tool,tabindex:-1)
2026-05-15 21:44:48,845 [INFO] PluginManage:310 - Check plugin cadmodel
2026-05-15 21:44:48,848 [INFO] CADModel:105 - Init CAD model plugin
2026-05-15 21:44:48,848 [INFO] PluginManage:359 - Loaded plugin cadmodel (category:power,tabindex:5)
2026-05-15 21:44:48,848 [INFO] PluginManage:310 - Check plugin clock
2026-05-15 21:44:48,857 [INFO] PluginManage:359 - Loaded plugin clock (category:base,tabindex:2)
2026-05-15 21:44:48,857 [INFO] PluginManage:310 - Check plugin ddr
2026-05-15 21:44:48,859 [INFO] PluginManage:359 - Loaded plugin ddr (category:tool,tabindex:6)
2026-05-15 21:44:48,859 [INFO] PluginManage:310 - Check plugin filemanager
2026-05-15 21:44:48,966 [INFO] PluginManage:359 - Loaded plugin filemanager (category:base,tabindex:10)
2026-05-15 21:44:48,966 [INFO] PluginManage:310 - Check plugin ipmanager
2026-05-15 21:44:48,971 [INFO] PluginManage:359 - Loaded plugin ipmanager (category:base,tabindex:5)
2026-05-15 21:44:48,971 [INFO] PluginManage:310 - Check plugin lpbam
2026-05-15 21:44:48,978 [INFO] PluginManage:359 - Loaded plugin lpbam (category:base,tabindex:0)
2026-05-15 21:44:48,979 [INFO] PluginManage:310 - Check plugin memorymap
2026-05-15 21:44:48,985 [INFO] PluginManage:359 - Loaded plugin memorymap (category:base,tabindex:4)
2026-05-15 21:44:48,986 [INFO] PluginManage:310 - Check plugin pinoutandconfiguration
2026-05-15 21:44:48,991 [INFO] PluginManage:359 - Loaded plugin pinoutandconfiguration (category:base,tabindex:1)
2026-05-15 21:44:48,991 [INFO] PluginManage:310 - Check plugin pinoutconfig
2026-05-15 21:44:49,056 [WARN] SupportedApi:132 - Cannot load RTOS API schema: s4s-elt-must-match.1: The content of 'definitions' must match (annotation?, (simpleType | complexType)?, (unique | key | keyref)*)). A problem was found starting at: attribute.
2026-05-15 21:44:49,208 [INFO] PluginManage:359 - Loaded plugin pinoutconfig (category:base,tabindex:0)
2026-05-15 21:44:49,208 [INFO] PluginManage:310 - Check plugin power
2026-05-15 21:44:49,214 [INFO] PluginManage:359 - Loaded plugin power (category:power,tabindex:4)
2026-05-15 21:44:49,215 [INFO] PluginManage:310 - Check plugin projectmanager
2026-05-15 21:44:49,235 [INFO] PluginManage:359 - Loaded plugin projectmanager (category:projectmanager,tabindex:4)
2026-05-15 21:44:49,236 [INFO] PluginManage:310 - Check plugin rif
2026-05-15 21:44:49,241 [INFO] PluginManage:359 - Loaded plugin rif (category:base,tabindex:3)
2026-05-15 21:44:49,242 [INFO] PluginManage:310 - Check plugin thirdparty
2026-05-15 21:44:49,329 [INFO] PluginManage:359 - Loaded plugin thirdparty (category:base,tabindex:-1)
2026-05-15 21:44:49,329 [WARN] IntegrityCheckThread:84 - waiting for thirdparty lock release [integrity check]
2026-05-15 21:44:49,329 [INFO] PluginManage:310 - Check plugin tools
2026-05-15 21:44:49,329 [INFO] IntegrityCheckThread:86 - entering critical section [integrity check]
2026-05-15 21:44:49,330 [INFO] ThirdPartyUpdaterWithRetryManager:70 - Updater plugin not ready yet. [1/15]
2026-05-15 21:44:49,332 [INFO] PluginManage:359 - Loaded plugin tools (category:base,tabindex:7)
2026-05-15 21:44:49,332 [INFO] PluginManage:310 - Check plugin tutovideos
2026-05-15 21:44:49,443 [INFO] PluginManage:359 - Loaded plugin tutovideos (category:base,tabindex:-1)
2026-05-15 21:44:49,443 [INFO] PluginManage:310 - Check plugin updater
2026-05-15 21:44:49,460 [INFO] PluginManage:359 - Loaded plugin updater (category:base,tabindex:12)
2026-05-15 21:44:49,460 [INFO] PluginManage:310 - Check plugin userauth
2026-05-15 21:44:49,463 [INFO] UserAuth:118 - Init User Auth plugin
2026-05-15 21:44:49,464 [INFO] PluginManage:359 - Loaded plugin userauth (category:base,tabindex:14)
2026-05-15 21:44:49,464 [INFO] PluginManage:283 - PluginManage : Loaded plugins [18]
2026-05-15 21:44:49,618 [INFO] PinOutPanel:1589 - setPackage(No Configuration,No Configuration)
2026-05-15 21:44:49,684 [INFO] CADModel:165 - CPN selected for project level
2026-05-15 21:44:49,684 [INFO] CADModel:114 - Register for checkConnection events
2026-05-15 21:44:49,696 [INFO] IPUIPlugin:80 - create IPUIPlugin
2026-05-15 21:44:49,696 [INFO] PluginManager:220 - loadIPPluginJar : add adc
2026-05-15 21:44:49,698 [INFO] IPUIPlugin:80 - create IPUIPlugin
2026-05-15 21:44:49,698 [INFO] PluginManager:220 - loadIPPluginJar : add aes
2026-05-15 21:44:49,699 [INFO] IPUIPlugin:80 - create IPUIPlugin
2026-05-15 21:44:49,699 [INFO] PluginManager:220 - loadIPPluginJar : add can
2026-05-15 21:44:49,700 [INFO] IPUIPlugin:80 - create IPUIPlugin
2026-05-15 21:44:49,700 [INFO] PluginManager:220 - loadIPPluginJar : add comp
2026-05-15 21:44:49,702 [INFO] IPUIPlugin:80 - create IPUIPlugin
2026-05-15 21:44:49,702 [INFO] PluginManager:220 - loadIPPluginJar : add cryp
2026-05-15 21:44:49,703 [INFO] IPUIPlugin:80 - create IPUIPlugin
2026-05-15 21:44:49,703 [INFO] PluginManager:220 - loadIPPluginJar : add ddr_ctrl_phy
2026-05-15 21:44:49,704 [INFO] IPUIPlugin:80 - create IPUIPlugin
2026-05-15 21:44:49,704 [INFO] PluginManager:220 - loadIPPluginJar : add dfsdm
2026-05-15 21:44:49,707 [INFO] IPUIPlugin:80 - create IPUIPlugin
2026-05-15 21:44:49,708 [INFO] PluginManager:220 - loadIPPluginJar : add dma
2026-05-15 21:44:49,709 [INFO] IPUIPlugin:80 - create IPUIPlugin
2026-05-15 21:44:49,709 [INFO] PluginManager:220 - loadIPPluginJar : add dma3
2026-05-15 21:44:49,712 [INFO] IPUIPlugin:80 - create IPUIPlugin
2026-05-15 21:44:49,712 [INFO] PluginManager:220 - loadIPPluginJar : add extmemmanager
2026-05-15 21:44:49,713 [INFO] IPUIPlugin:80 - create IPUIPlugin
2026-05-15 21:44:49,713 [INFO] PluginManager:220 - loadIPPluginJar : add fatfs
2026-05-15 21:44:49,715 [INFO] IPUIPlugin:80 - create IPUIPlugin
2026-05-15 21:44:49,715 [INFO] PluginManager:220 - loadIPPluginJar : add fmc
2026-05-15 21:44:49,718 [INFO] IPUIPlugin:80 - create IPUIPlugin
2026-05-15 21:44:49,718 [INFO] PluginManager:220 - loadIPPluginJar : add freertos
2026-05-15 21:44:49,719 [INFO] IPUIPlugin:80 - create IPUIPlugin
2026-05-15 21:44:49,719 [INFO] PluginManager:220 - loadIPPluginJar : add genericplugin
2026-05-15 21:44:49,721 [INFO] IPUIPlugin:80 - create IPUIPlugin
2026-05-15 21:44:49,722 [INFO] PluginManager:220 - loadIPPluginJar : add gfxmmu
2026-05-15 21:44:49,725 [INFO] IPUIPlugin:80 - create IPUIPlugin
2026-05-15 21:44:49,725 [INFO] PluginManager:220 - loadIPPluginJar : add gic
2026-05-15 21:44:49,727 [INFO] IPUIPlugin:80 - create IPUIPlugin
2026-05-15 21:44:49,728 [INFO] PluginManager:220 - loadIPPluginJar : add gpio
2026-05-15 21:44:49,729 [INFO] IPUIPlugin:80 - create IPUIPlugin
2026-05-15 21:44:49,729 [INFO] PluginManager:220 - loadIPPluginJar : add gtzc
2026-05-15 21:44:49,731 [INFO] IPUIPlugin:80 - create IPUIPlugin
2026-05-15 21:44:49,731 [INFO] PluginManager:220 - loadIPPluginJar : add hash
2026-05-15 21:44:49,731 [INFO] IPUIPlugin:80 - create IPUIPlugin
2026-05-15 21:44:49,731 [INFO] PluginManager:220 - loadIPPluginJar : add i2c
2026-05-15 21:44:49,733 [INFO] IPUIPlugin:80 - create IPUIPlugin
2026-05-15 21:44:49,733 [INFO] PluginManager:220 - loadIPPluginJar : add i2s
2026-05-15 21:44:49,734 [INFO] IPUIPlugin:80 - create IPUIPlugin
2026-05-15 21:44:49,734 [INFO] PluginManager:220 - loadIPPluginJar : add i3c
2026-05-15 21:44:49,736 [INFO] IPUIPlugin:80 - create IPUIPlugin
2026-05-15 21:44:49,736 [INFO] PluginManager:220 - loadIPPluginJar : add ipddr
2026-05-15 21:44:49,740 [INFO] IPUIPlugin:80 - create IPUIPlugin
2026-05-15 21:44:49,740 [INFO] PluginManager:220 - loadIPPluginJar : add linkedlist
2026-05-15 21:44:49,743 [INFO] IPUIPlugin:80 - create IPUIPlugin
2026-05-15 21:44:49,743 [INFO] PluginManager:220 - loadIPPluginJar : add lorawan
2026-05-15 21:44:49,744 [INFO] IPUIPlugin:80 - create IPUIPlugin
2026-05-15 21:44:49,744 [INFO] PluginManager:220 - loadIPPluginJar : add ltdc
2026-05-15 21:44:49,749 [INFO] IPUIPlugin:80 - create IPUIPlugin
2026-05-15 21:44:49,749 [INFO] PluginManager:220 - loadIPPluginJar : add mdma
2026-05-15 21:44:49,751 [INFO] IPUIPlugin:80 - create IPUIPlugin
2026-05-15 21:44:49,751 [INFO] PluginManager:220 - loadIPPluginJar : add nvic
2026-05-15 21:44:49,753 [INFO] IPUIPlugin:80 - create IPUIPlugin
2026-05-15 21:44:49,753 [INFO] PluginManager:220 - loadIPPluginJar : add opamp
2026-05-15 21:44:49,755 [INFO] IPUIPlugin:80 - create IPUIPlugin
2026-05-15 21:44:49,755 [INFO] PluginManager:220 - loadIPPluginJar : add openamp
2026-05-15 21:44:49,757 [INFO] IPUIPlugin:80 - create IPUIPlugin
2026-05-15 21:44:49,757 [INFO] PluginManager:220 - loadIPPluginJar : add pdm2pcm
2026-05-15 21:44:49,760 [INFO] IPUIPlugin:80 - create IPUIPlugin
2026-05-15 21:44:49,762 [INFO] PluginManager:220 - loadIPPluginJar : add plateformsettings
2026-05-15 21:44:49,764 [INFO] IPUIPlugin:80 - create IPUIPlugin
2026-05-15 21:44:49,764 [INFO] PluginManager:220 - loadIPPluginJar : add quadspi
2026-05-15 21:44:49,765 [INFO] IPUIPlugin:80 - create IPUIPlugin
2026-05-15 21:44:49,766 [INFO] PluginManager:220 - loadIPPluginJar : add radio
2026-05-15 21:44:49,768 [INFO] IPUIPlugin:80 - create IPUIPlugin
2026-05-15 21:44:49,768 [INFO] PluginManager:220 - loadIPPluginJar : add resmgrutility
2026-05-15 21:44:49,770 [INFO] IPUIPlugin:80 - create IPUIPlugin
2026-05-15 21:44:49,770 [INFO] PluginManager:220 - loadIPPluginJar : add sai
2026-05-15 21:44:49,772 [INFO] IPUIPlugin:80 - create IPUIPlugin
2026-05-15 21:44:49,772 [INFO] PluginManager:220 - loadIPPluginJar : add spi
2026-05-15 21:44:49,776 [INFO] IPUIPlugin:80 - create IPUIPlugin
2026-05-15 21:44:49,776 [INFO] PluginManager:220 - loadIPPluginJar : add stm32_wpan
2026-05-15 21:44:49,777 [INFO] IPUIPlugin:80 - create IPUIPlugin
2026-05-15 21:44:49,777 [INFO] PluginManager:220 - loadIPPluginJar : add tim
2026-05-15 21:44:49,780 [INFO] IPUIPlugin:80 - create IPUIPlugin
2026-05-15 21:44:49,780 [INFO] PluginManager:220 - loadIPPluginJar : add touchsensing
2026-05-15 21:44:49,783 [INFO] IPUIPlugin:80 - create IPUIPlugin
2026-05-15 21:44:49,783 [INFO] PluginManager:220 - loadIPPluginJar : add tracer_emb
2026-05-15 21:44:49,784 [INFO] IPUIPlugin:80 - create IPUIPlugin
2026-05-15 21:44:49,784 [INFO] PluginManager:220 - loadIPPluginJar : add ts
2026-05-15 21:44:49,785 [INFO] IPUIPlugin:80 - create IPUIPlugin
2026-05-15 21:44:49,785 [INFO] PluginManager:220 - loadIPPluginJar : add tsc
2026-05-15 21:44:49,788 [INFO] IPUIPlugin:80 - create IPUIPlugin
2026-05-15 21:44:49,788 [INFO] PluginManager:220 - loadIPPluginJar : add ucpd
2026-05-15 21:44:49,789 [INFO] IPUIPlugin:80 - create IPUIPlugin
2026-05-15 21:44:49,789 [INFO] PluginManager:220 - loadIPPluginJar : add usart
2026-05-15 21:44:49,792 [INFO] IPUIPlugin:80 - create IPUIPlugin
2026-05-15 21:44:49,792 [INFO] PluginManager:220 - loadIPPluginJar : add usbx
2026-05-15 21:44:49,903 [FATAL] Updater:351 - Updater called before beeing initialized
2026-05-15 21:44:49,923 [INFO] RulesReader:64 - Compatibility file has been processed (302 Rules)
2026-05-15 21:44:49,933 [INFO] RulesReader:64 - Compatibility file has been processed (302 Rules)
2026-05-15 21:44:49,938 [INFO] CADModel:165 - CPN selected for project level
2026-05-15 21:44:49,938 [INFO] CADModel:114 - Register for checkConnection events
2026-05-15 21:44:49,938 [FATAL] Updater:351 - Updater called before beeing initialized
2026-05-15 21:44:49,938 [ERROR] CADModel:125 - Updater not yet initialized, retry later 
2026-05-15 21:44:50,026 [FATAL] Updater:351 - Updater called before beeing initialized
2026-05-15 21:44:50,027 [INFO] CADModel:165 - CPN selected for project level
2026-05-15 21:44:50,028 [INFO] CADModel:114 - Register for checkConnection events
2026-05-15 21:44:50,028 [FATAL] Updater:351 - Updater called before beeing initialized
2026-05-15 21:44:50,028 [ERROR] CADModel:125 - Updater not yet initialized, retry later 
2026-05-15 21:44:50,029 [FATAL] Updater:351 - Updater called before beeing initialized
2026-05-15 21:44:50,107 [FATAL] Updater:351 - Updater called before beeing initialized
2026-05-15 21:44:50,109 [INFO] DbMcusAds:53 - JSON generation date=Mon Apr 27 10:14:29 CEST 2026 (1777277669577)
2026-05-15 21:44:50,109 [FATAL] Updater:351 - Updater called before beeing initialized
2026-05-15 21:44:50,133 [WARN] DetailPanel:346 - Failed to get advertising image, set to default
2026-05-15 21:44:50,324 [FATAL] Updater:351 - Updater called before beeing initialized
2026-05-15 21:44:50,325 [FATAL] Updater:351 - Updater called before beeing initialized
2026-05-15 21:44:50,325 [FATAL] Updater:351 - Updater called before beeing initialized
2026-05-15 21:44:50,325 [WARN] DetailPanel:346 - Failed to get advertising image, set to default
2026-05-15 21:44:50,326 [FATAL] Updater:351 - Updater called before beeing initialized
2026-05-15 21:44:50,357 [ERROR] Updater:1198 - MainUpdater not yet initialized. External WinMGr cannot be set.
2026-05-15 21:44:50,358 [INFO] Updater:1134 - Updater Version found : 6.14.1
2026-05-15 21:44:50,369 [INFO] ApplicationProperties:184 - Using Application install path: C:\ST\STM32CubeIDE_1.18.1\STM32CubeIDE\plugins\com.st.stm32cube.common.mx_6.14.1.202504091515
2026-05-15 21:44:51,939 [ERROR] LogOutputStream:75 - [STDERR_REDIRECT] May 15, 2026 9:44:51 PM java.util.prefs.WindowsPreferences <init>
2026-05-15 21:44:51,940 [ERROR] LogOutputStream:75 - [STDERR_REDIRECT] WARNING: Could not open/create prefs root node Software\JavaSoft\Prefs at root 0xffffffff80000002. Windows RegCreateKeyEx(...) returned error code 5.
2026-05-15 21:44:51,940 [ERROR] LogOutputStream:75 - [STDERR_REDIRECT] 
2026-05-15 21:44:52,160 [INFO] MainUpdater:2872 - connection check result : 10
2026-05-15 21:44:52,162 [INFO] MainUpdater:289 - Updater Check For Update Now.
2026-05-15 21:44:52,163 [INFO] MicroXplorer:498 - Change Database Version : DB.6.0.141
2026-05-15 21:44:52,167 [INFO] McuFinderGlobals:63 - Set McuFinder mode to 2 (CubeIDE integrated)
2026-05-15 21:44:52,167 [INFO] UserAuth:171 - activating auth plugin
2026-05-15 21:44:52,168 [INFO] UserAuth:484 - Internet connection configuration mode: 1
2026-05-15 21:44:52,184 [INFO] JxBrowserEngine:152 - Initiate JxBrowser Engine with user profile folder
2026-05-15 21:44:52,330 [WARN] MainUpdater:1193 - Updater busy. Cannot search thirdparties
2026-05-15 21:44:52,330 [INFO] ThirdPartyUpdaterWithRetryManager:96 - Updater plugin is busy. [1/15]
2026-05-15 21:44:52,380 [INFO] CheckServerUpdateThread:120 - End of CheckServer Thread
2026-05-15 21:44:52,914 [INFO] WebApp:169 - Instantiating new browser for Auth
2026-05-15 21:44:53,698 [INFO] WebApp:463 - Apply proxy settings
2026-05-15 21:44:53,700 [INFO] WebApp:548 - Chromium requires no authentication
2026-05-15 21:44:53,706 [INFO] WebApp:491 - Direct internet connection detected
2026-05-15 21:44:53,728 [INFO] WebApp:894 - Register for checkConnection events
2026-05-15 21:44:53,729 [INFO] WebApp:463 - Apply proxy settings
2026-05-15 21:44:53,729 [INFO] WebApp:548 - Chromium requires no authentication
2026-05-15 21:44:53,730 [INFO] WebApp:491 - Direct internet connection detected
2026-05-15 21:44:53,915 [INFO] WebApp:225 - Starting web application
2026-05-15 21:44:53,915 [INFO] WebApp:593 - Web application path used C:\ST\STM32CubeIDE_1.18.1\STM32CubeIDE\plugins\com.st.stm32cube.common.mx_6.14.1.202504091515\db\plugins\mcufinder\reactClient1\index.html
2026-05-15 21:44:53,927 [INFO] WebApp:191 - Connection restablished
2026-05-15 21:44:55,705 [WARN] PackLoader:240 - Cannot read IP mode file for STMicroelectronics.X-CUBE-AZRTOS-H7.3.5.0
2026-05-15 21:44:55,722 [WARN] PackLoader:240 - Cannot read IP mode file for STMicroelectronics.FP-SNS-MOTENVWB1.1.4.0
2026-05-15 21:44:55,734 [WARN] PackLoader:240 - Cannot read IP mode file for STMicroelectronics.FP-ATR-ASTRA1.2.0.2
2026-05-15 21:44:55,743 [WARN] PackLoader:240 - Cannot read IP mode file for STMicroelectronics.X-CUBE-SMBUS.2.1.0
2026-05-15 21:44:55,749 [WARN] PackLoader:240 - Cannot read IP mode file for STMicroelectronics.X-CUBE-ST60.1.0.0
2026-05-15 21:44:55,777 [WARN] PackLoader:240 - Cannot read IP mode file for STMicroelectronics.X-CUBE-AZRTOS-F7.1.1.0
2026-05-15 21:44:55,787 [ERROR] Engine:466 - C:\Users\34684\.stm32cubemx\thirdparties\pdsc\STMicroelectronics.FP-SNS-MOTENV1.5.1.0.pdsc: PDSC version is not supported
2026-05-15 21:44:55,810 [WARN] PackLoader:240 - Cannot read IP mode file for Infineon.AIROC-Wi-Fi-Bluetooth-STM32.1.7.1
2026-05-15 21:44:55,842 [WARN] PackLoader:240 - Cannot read IP mode file for STMicroelectronics.X-CUBE-AZRTOS-H7.3.4.0
2026-05-15 21:44:55,859 [WARN] PackLoader:240 - Cannot read IP mode file for STMicroelectronics.X-CUBE-DISPLAY.3.0.0
2026-05-15 21:44:55,872 [WARN] PackLoader:240 - Cannot read IP mode file for STMicroelectronics.X-CUBE-GNSS1.7.1.1
2026-05-15 21:44:55,875 [ERROR] Engine:466 - C:\Users\34684\.stm32cubemx\thirdparties\pdsc\STMicroelectronics.FP-SNS-MOTENVWB1.1.5.0.pdsc: PDSC version is not supported
2026-05-15 21:44:55,885 [WARN] PackLoader:240 - Cannot read IP mode file for STMicroelectronics.X-CUBE-NFC10.1.0.0
2026-05-15 21:44:55,902 [WARN] PackLoader:240 - Cannot read IP mode file for STMicroelectronics.X-CUBE-BLEMGR.4.0.0
2026-05-15 21:44:55,909 [WARN] PackLoader:240 - Cannot read IP mode file for STMicroelectronics.X-CUBE-ST60.1.1.0
2026-05-15 21:44:55,916 [WARN] PackLoader:240 - Cannot read IP mode file for emotas.I-CUBE-CANOPEN.1.3.0
2026-05-15 21:44:55,922 [WARN] PackLoader:240 - Cannot read IP mode file for STMicroelectronics.X-CUBE-GNSS1.7.1.0
2026-05-15 21:44:55,930 [WARN] ConditionMgr:438 - getConditionDescription Invalid condition id : Cortex-A Device cause : null
2026-05-15 21:44:55,948 [WARN] ConditionMgr:1044 - genDependencies : Invalid condition id : Cortex-A Device cause : null
2026-05-15 21:44:55,948 [WARN] ConditionMgr:1044 - genDependencies : Invalid condition id : Cortex-A Device cause : null
2026-05-15 21:44:55,948 [WARN] ConditionMgr:1044 - genDependencies : Invalid condition id : Cortex-A Device cause : null
2026-05-15 21:44:55,953 [ERROR] Engine:466 - C:\Users\34684\.stm32cubemx\thirdparties\pdsc\STMicroelectronics.FP-SNS-STBOX1.2.1.0.pdsc: PDSC version is not supported
2026-05-15 21:44:55,968 [WARN] PackLoader:240 - Cannot read IP mode file for STMicroelectronics.FP-SNS-SMARTAG2.1.2.0
2026-05-15 21:44:55,975 [WARN] PackLoader:240 - Cannot read IP mode file for STMicroelectronics.FP-SNS-FLIGHT1.5.1.0
2026-05-15 21:44:56,001 [INFO] LogOutputStream:77 - [STDOUT_REDIRECT] 1 : Invalid condition id : UX_CORESTACK_Condition cause : null
2026-05-15 21:44:56,002 [INFO] LogOutputStream:77 - [STDOUT_REDIRECT] 1 : Invalid condition id : UX_CORESTACK_Condition cause : null
2026-05-15 21:44:56,005 [INFO] LogOutputStream:77 - [STDOUT_REDIRECT] 1 : Invalid condition id : UX_CORESTACK_Condition cause : null
2026-05-15 21:44:56,022 [INFO] LogOutputStream:77 - [STDOUT_REDIRECT] 1 : Invalid condition id : UX_CORESTACK_Condition cause : null
2026-05-15 21:44:56,023 [INFO] LogOutputStream:77 - [STDOUT_REDIRECT] 1 : Invalid condition id : UX_CORESTACK_Condition cause : null
2026-05-15 21:44:56,050 [WARN] PackLoader:240 - Cannot read IP mode file for STMicroelectronics.X-CUBE-AZRTOS-WL.2.0.0
2026-05-15 21:44:56,090 [WARN] PackLoader:240 - Cannot read IP mode file for STMicroelectronics.FP-SNS-MOTENV1.5.0.0
2026-05-15 21:44:56,140 [WARN] PackLoader:240 - Cannot read IP mode file for STMicroelectronics.X-CUBE-AZRTOS-H7RS.1.2.0
2026-05-15 21:44:56,152 [WARN] PackLoader:240 - Cannot read IP mode file for WES.I-CUBE-Cesium.1.3.0
2026-05-15 21:44:56,159 [WARN] PackLoader:240 - Cannot read IP mode file for STMicroelectronics.X-CUBE-BLE2.3.3.0
2026-05-15 21:44:56,176 [WARN] PackLoader:240 - Cannot read IP mode file for STMicroelectronics.X-CUBE-NFC9.1.0.0
2026-05-15 21:44:56,183 [WARN] PackLoader:240 - Cannot read IP mode file for wolfSSL.I-CUBE-wolfSSL.5.8.0
2026-05-15 21:44:56,188 [WARN] PackLoader:240 - Cannot read IP mode file for STMicroelectronics.X-CUBE-BLE1.7.1.0
2026-05-15 21:44:56,192 [WARN] PackLoader:240 - Cannot read IP mode file for wolfSSL.I-CUBE-wolfMQTT.1.19.2
2026-05-15 21:44:56,197 [ERROR] Engine:466 - C:\Users\34684\.stm32cubemx\thirdparties\pdsc\STMicroelectronics.X-CUBE-FREERTOS.1.4.0.pdsc: PDSC version is not supported
2026-05-15 21:44:56,205 [WARN] PackLoader:240 - Cannot read IP mode file for STMicroelectronics.X-CUBE-EEPRMA1.5.2.0
2026-05-15 21:44:56,219 [ERROR] Engine:466 - C:\Users\34684\.stm32cubemx\thirdparties\pdsc\STMicroelectronics.X-CUBE-ST67W61.1.1.0.pdsc: PDSC version is not supported
2026-05-15 21:44:56,226 [WARN] PackLoader:240 - Cannot read IP mode file for STMicroelectronics.X-CUBE-AI.10.1.0
2026-05-15 21:44:56,234 [ERROR] Engine:466 - C:\Users\34684\.stm32cubemx\thirdparties\pdsc\STMicroelectronics.FP-SNS-STAIOTCFT.1.1.0.pdsc: PDSC version is not supported
2026-05-15 21:44:56,286 [WARN] PackLoader:240 - Cannot read IP mode file for STMicroelectronics.X-CUBE-MEMS1.12.0.0
2026-05-15 21:44:56,439 [WARN] PackLoader:240 - Cannot read IP mode file for STMicroelectronics.X-CUBE-AZRTOS-G0.1.1.0
2026-05-15 21:44:56,451 [WARN] PackLoader:240 - Cannot read IP mode file for STMicroelectronics.X-CUBE-SAFEA1.1.2.2
2026-05-15 21:44:56,457 [WARN] PackLoader:240 - Cannot read IP mode file for STMicroelectronics.X-CUBE-NFC4.3.0.0
2026-05-15 21:44:56,468 [WARN] PackLoader:240 - Cannot read IP mode file for EmbeddedOffice.I-CUBE-FS-RTOS.1.0.1
2026-05-15 21:44:56,474 [WARN] PackLoader:240 - Cannot read IP mode file for STMicroelectronics.X-CUBE-WB05N.2.0.0
2026-05-15 21:44:56,481 [WARN] PackLoader:240 - Cannot read IP mode file for wolfSSL.I-CUBE-wolfTPM.3.8.0
2026-05-15 21:44:56,487 [WARN] PackLoader:240 - Cannot read IP mode file for STMicroelectronics.X-CUBE-TCPP.4.2.0
2026-05-15 21:44:56,493 [WARN] PackLoader:240 - Cannot read IP mode file for RealThread.X-CUBE-RT-Thread_Nano.4.1.1
2026-05-15 21:44:56,501 [WARN] PackLoader:240 - Cannot read IP mode file for STMicroelectronics.FP-ATR-SIGFOX1.3.2.0
2026-05-15 21:44:56,507 [WARN] PackLoader:240 - Cannot read IP mode file for STMicroelectronics.X-CUBE-EEPRMA1.5.1.0
2026-05-15 21:44:56,518 [ERROR] Engine:466 - C:\Users\34684\.stm32cubemx\thirdparties\pdsc\STMicroelectronics.X-CUBE-FREERTOS.1.5.0.pdsc: PDSC version is not supported
2026-05-15 21:44:56,526 [WARN] PackLoader:240 - Cannot read IP mode file for ITTIA_DB.I-CUBE-ITTIADB.8.9.0
2026-05-15 21:44:56,540 [WARN] PackLoader:240 - Cannot read IP mode file for STMicroelectronics.X-CUBE-NFC6.3.2.0
2026-05-15 21:44:56,553 [WARN] PackLoader:240 - Cannot read IP mode file for STMicroelectronics.X-CUBE-ST67W61.1.0.0
2026-05-15 21:44:56,556 [WARN] PackLoader:240 - Cannot read IP mode file for STMicroelectronics.X-CUBE-AI.10.2.0
2026-05-15 21:44:56,594 [WARN] PackLoader:240 - Cannot read IP mode file for STMicroelectronics.X-CUBE-MEMS1.12.1.0
2026-05-15 21:44:56,711 [WARN] PackLoader:240 - Cannot read IP mode file for SEGGER.I-CUBE-embOS.1.3.1
2026-05-15 21:44:56,757 [WARN] PackLoader:240 - Cannot read IP mode file for STMicroelectronics.X-CUBE-ALGOBUILD.1.4.0
2026-05-15 21:44:56,798 [WARN] PackLoader:240 - Cannot read IP mode file for STMicroelectronics.X-CUBE-MEMS1.11.3.0
2026-05-15 21:44:56,897 [WARN] PackLoader:240 - Cannot read IP mode file for STMicroelectronics.X-CUBE-PM33A1.1.0.0
2026-05-15 21:44:56,912 [WARN] PackLoader:240 - Cannot read IP mode file for STMicroelectronics.X-CUBE-AZRTOS-F4.1.1.0
2026-05-15 21:44:56,918 [WARN] PackLoader:240 - Cannot read IP mode file for Avnet-IotConnect.X-CUBE-IoTC-DA16k-PMOD.1.0.0
2026-05-15 21:44:56,921 [WARN] PackLoader:240 - Cannot read IP mode file for STMicroelectronics.X-CUBE-ISPU.2.1.0
2026-05-15 21:44:56,926 [ERROR] Engine:466 - C:\Users\34684\.stm32cubemx\thirdparties\pdsc\STMicroelectronics.X-CUBE-IPS.3.2.0.pdsc: PDSC version is not supported
2026-05-15 21:44:56,931 [WARN] PackLoader:240 - Cannot read IP mode file for STMicroelectronics.eDS-WB_DPC_TT-BIDIR.2.1.1
2026-05-15 21:44:56,937 [WARN] PackLoader:240 - Cannot read IP mode file for STMicroelectronics.X-CUBE-NFC12.1.0.0
2026-05-15 21:44:56,954 [WARN] PackLoader:240 - Cannot read IP mode file for STMicroelectronics.X-CUBE-AZRTOS-L5.2.0.0
2026-05-15 21:44:56,963 [WARN] PackLoader:240 - Cannot read IP mode file for STMicroelectronics.X-CUBE-NFC6.3.1.0
2026-05-15 21:44:56,969 [WARN] PackLoader:240 - Cannot read IP mode file for STMicroelectronics.eDS-WB_DPC_VIENNA.1.2.0
2026-05-15 21:44:56,972 [WARN] PackLoader:240 - Cannot read IP mode file for STMicroelectronics.eDS-WB_DPC_3PH2L-BIDIR.1.1.1
2026-05-15 21:44:56,974 [ERROR] Engine:466 - C:\Users\34684\.stm32cubemx\thirdparties\pdsc\STMicroelectronics.X-CUBE-ST67W61.1.3.0.pdsc: PDSC version is not supported
2026-05-15 21:44:56,980 [WARN] PackLoader:240 - Cannot read IP mode file for STMicroelectronics.X-CUBE-FREERTOS.1.3.1
2026-05-15 21:44:56,987 [WARN] PackLoader:240 - Cannot read IP mode file for STMicroelectronics.X-CUBE-TOUCHGFX.4.26.0
2026-05-15 21:44:56,992 [WARN] PackLoader:240 - Cannot read IP mode file for STMicroelectronics.X-CUBE-TOUCHGFX.4.26.1
2026-05-15 21:44:56,997 [WARN] PackLoader:240 - Cannot read IP mode file for STMicroelectronics.FP-SNS-STAIOTCFT.1.0.0
2026-05-15 21:44:57,003 [WARN] PackLoader:240 - Cannot read IP mode file for STMicroelectronics.X-CUBE-DPower.1.3.0
2026-05-15 21:44:57,027 [WARN] ConditionMgr:438 - getConditionDescription Invalid condition id : LAN8742 Phy interface Condition cause : null
2026-05-15 21:44:57,027 [WARN] PackLoader:240 - Cannot read IP mode file for STMicroelectronics.X-CUBE-AZRTOS-L4.2.0.0
2026-05-15 21:44:57,032 [WARN] ConditionMgr:1044 - genDependencies : Invalid condition id : LAN8742 Phy interface Condition cause : null
2026-05-15 21:44:57,032 [WARN] ConditionMgr:1044 - genDependencies : Invalid condition id : LAN8742 Phy interface Condition cause : null
2026-05-15 21:44:57,033 [WARN] ConditionMgr:1044 - genDependencies : Invalid condition id : LAN8742 Phy interface Condition cause : null
2026-05-15 21:44:57,047 [WARN] PackLoader:240 - Cannot read IP mode file for STMicroelectronics.X-CUBE-SFXS2LP1.4.0.0
2026-05-15 21:44:57,055 [WARN] PackLoader:240 - Cannot read IP mode file for STMicroelectronics.X-CUBE-WB05N.2.1.0
2026-05-15 21:44:57,059 [ERROR] Engine:466 - C:\Users\34684\.stm32cubemx\thirdparties\pdsc\STMicroelectronics.X-CUBE-ST67W61.1.2.0.pdsc: PDSC version is not supported
2026-05-15 21:44:57,071 [WARN] PackLoader:240 - Cannot read IP mode file for STMicroelectronics.X-CUBE-BLEMGR.4.1.0
2026-05-15 21:44:57,089 [WARN] ConditionMgr:438 - getConditionDescription Invalid condition id : UX DEVICE CLASS RTOS Condition cause : null
2026-05-15 21:44:57,089 [WARN] ConditionMgr:438 - getConditionDescription Invalid condition id : UX DEVICE CLASS RTOS Condition cause : null
2026-05-15 21:44:57,091 [WARN] PackLoader:240 - Cannot read IP mode file for STMicroelectronics.X-CUBE-AZRTOS-WB.2.0.0
2026-05-15 21:44:57,092 [WARN] ConditionMgr:1044 - genDependencies : Invalid condition id : UX DEVICE CLASS RTOS Condition cause : null
2026-05-15 21:44:57,092 [WARN] ConditionMgr:1044 - genDependencies : Invalid condition id : UX DEVICE CLASS RTOS Condition cause : null
2026-05-15 21:44:57,093 [WARN] ConditionMgr:1044 - genDependencies : Invalid condition id : UX DEVICE CLASS RTOS Condition cause : null
2026-05-15 21:44:57,093 [WARN] ConditionMgr:1044 - genDependencies : Invalid condition id : UX DEVICE CLASS RTOS Condition cause : null
2026-05-15 21:44:57,093 [WARN] ConditionMgr:1044 - genDependencies : Invalid condition id : UX DEVICE CLASS RTOS Condition cause : null
2026-05-15 21:44:57,103 [WARN] PackLoader:240 - Cannot read IP mode file for STMicroelectronics.X-CUBE-GNSS1.7.0.1
2026-05-15 21:44:57,118 [WARN] PackLoader:240 - Cannot read IP mode file for STMicroelectronics.X-CUBE-TOUCHGFX.4.25.0
2026-05-15 21:44:57,124 [WARN] PackLoader:240 - Cannot read IP mode file for STMicroelectronics.FP-SNS-STBOX1.2.0.0
2026-05-15 21:44:57,138 [WARN] PackLoader:240 - Cannot read IP mode file for STMicroelectronics.X-CUBE-STSE01.2.0.0
2026-05-15 21:44:57,151 [WARN] PackLoader:240 - Cannot read IP mode file for STMicroelectronics.X-CUBE-SUBG2.5.0.0
2026-05-15 21:44:57,172 [WARN] PackLoader:240 - Cannot read IP mode file for STMicroelectronics.X-CUBE-AZRTOS-H7RS.1.1.0
2026-05-15 21:44:57,181 [WARN] PackLoader:240 - Cannot read IP mode file for Cesanta.I-CUBE-Mongoose.7.13.0
2026-05-15 21:44:57,193 [WARN] PackLoader:240 - Cannot read IP mode file for STMicroelectronics.X-CUBE-AZRTOS-G4.2.0.0
2026-05-15 21:44:57,199 [WARN] PackLoader:240 - Cannot read IP mode file for wolfSSL.I-CUBE-wolfSSH.1.4.20
2026-05-15 21:44:57,203 [WARN] PackLoader:240 - Cannot read IP mode file for STMicroelectronics.X-CUBE-NFC7.2.0.0
2026-05-15 21:44:57,210 [WARN] PackLoader:240 - Cannot read IP mode file for STMicroelectronics.X-CUBE-IPS.3.1.0
2026-05-15 21:44:57,219 [WARN] PackLoader:240 - Cannot read IP mode file for STMicroelectronics.X-CUBE-ALS.1.0.2
2026-05-15 21:44:57,224 [WARN] PackLoader:240 - Cannot read IP mode file for STMicroelectronics.X-CUBE-STSE01.1.0.0
2026-05-15 21:44:57,233 [WARN] PackLoader:240 - Cannot read IP mode file for portGmbH.I-Cube-SoM-uGOAL.1.1.0
2026-05-15 21:44:57,242 [WARN] PackLoader:240 - Cannot read IP mode file for STMicroelectronics.X-CUBE-TOF1.3.4.3
2026-05-15 21:44:57,252 [INFO] ThirdParty:978 - Integrity check success = true
2026-05-15 21:44:57,252 [INFO] IntegrityCheckThread:100 - exiting critical section [integrity check]
2026-05-15 21:44:57,252 [INFO] IntegrityCheckThread:103 - End integrity checks thread
2026-05-15 21:46:01,292 [ERROR] LogOutputStream:75 - [STDERR_REDIRECT] 
